<?xml version="1.0" encoding="UTF-8"?>
<!-- Generated by org.testng.reporters.JUnitXMLReporter -->
<testsuite ignored="0" hostname="Adarsh-PC" failures="1" tests="2" name="ChromeTest" time="310.958" errors="0" timestamp="2024-01-09T15:48:33 IST">
  <testcase classname="qa.tests.Testcase1" name="enteringCredentials" time="41.781">
    <skipped/>
  </testcase> <!-- enteringCredentials -->
  <testcase classname="qa.tests.Testcase1" name="enteringCredentials" time="34.985">
    <failure type="java.lang.AssertionError" message="Element not found expected [true] but found [false]">
      <![CDATA[java.lang.AssertionError: Element not found expected [true] but found [false]
at pageEvents.LoginPageEvents.verifyLoginPageLoaded(LoginPageEvents.java:13)
at qa.tests.Testcase1.enteringCredentials(Testcase1.java:22)
at java.base/java.util.ArrayList.forEach(ArrayList.java:1511)
... Removed 30 stack frames]]>
    </failure>
  </testcase> <!-- enteringCredentials -->
</testsuite> <!-- ChromeTest -->
